[2019-08-28 17:46:19,499 INFO] From: processed/avocado.bert_tokenized.copy.vocab.pt
[2019-08-28 17:46:19,499 INFO] 	* source vocab: 6506 words
[2019-08-28 17:46:19,499 INFO] 	* target vocab: 6506 words
[2019-08-28 17:46:19,501 INFO] Reading encoder and decoder embeddings from glove_dir/glove.6B.100d.txt
[2019-08-28 17:46:48,352 INFO] From: processed/avocado.bert_tokenized.copy.vocab.pt
[2019-08-28 17:46:48,352 INFO] 	* source vocab: 6506 words
[2019-08-28 17:46:48,352 INFO] 	* target vocab: 6506 words
[2019-08-28 17:46:48,354 INFO] Reading encoder and decoder embeddings from glove_dir/glove.GB/glove.6B.100d.txt
[2019-08-28 17:49:58,491 INFO] From: processed/avocado.bert_tokenized.copy.vocab.pt
[2019-08-28 17:49:58,491 INFO] 	* source vocab: 6506 words
[2019-08-28 17:49:58,491 INFO] 	* target vocab: 6506 words
[2019-08-28 17:49:58,493 INFO] Reading encoder and decoder embeddings from ../glove_dir/glove.GB/glove.6B.100d.txt
[2019-08-28 17:50:32,211 INFO] From: processed/avocado.bert_tokenized.copy.vocab.pt
[2019-08-28 17:50:32,212 INFO] 	* source vocab: 6506 words
[2019-08-28 17:50:32,212 INFO] 	* target vocab: 6506 words
[2019-08-28 17:50:32,214 INFO] Reading encoder and decoder embeddings from ./glove_dir/glove.GB/glove.6B.100d.txt
[2019-08-28 17:51:09,414 INFO] From: processed/avocado.bert_tokenized.copy.vocab.pt
[2019-08-28 17:51:09,414 INFO] 	* source vocab: 6506 words
[2019-08-28 17:51:09,414 INFO] 	* target vocab: 6506 words
[2019-08-28 17:51:09,416 INFO] Reading encoder and decoder embeddings from glove_dir/glove.6B/glove.6B.100d.txt
[2019-08-28 17:51:11,946 INFO] 	Found 400000 total vectors in file
[2019-08-28 17:51:11,946 INFO] After filtering to vectors in vocab:
[2019-08-28 17:51:11,948 INFO] 	* enc: 5125 match, 1381 missing, (78.77%)
[2019-08-28 17:51:11,949 INFO] 	* dec: 5125 match, 1381 missing, (78.77%)
[2019-08-28 17:51:11,949 INFO] 
Saving embedding as:
	* enc: processed/avocado.bert_tokenized.copy.embeddings.enc.pt
	* dec: processed/avocado.bert_tokenized.copy.embeddings.dec.pt
[2019-08-28 17:51:12,053 INFO] 
Done.
[2019-08-28 18:59:20,709 INFO] From: processed/avocado.bert_tokenized.copy.vocab.pt
[2019-08-28 18:59:20,709 INFO] 	* source vocab: 6506 words
[2019-08-28 18:59:20,709 INFO] 	* target vocab: 6506 words
[2019-08-28 18:59:20,711 INFO] Reading encoder and decoder embeddings from glove_dir/glove.6B/glove.6B.100d.txt
[2019-08-28 18:59:23,257 INFO] 	Found 400000 total vectors in file
[2019-08-28 18:59:23,257 INFO] After filtering to vectors in vocab:
[2019-08-28 18:59:23,259 INFO] 	* enc: 5125 match, 1381 missing, (78.77%)
[2019-08-28 18:59:23,260 INFO] 	* dec: 5125 match, 1381 missing, (78.77%)
[2019-08-28 18:59:23,260 INFO] 
Saving embedding as:
	* enc: processed/avocado.bert_tokenized.copy.embeddings.enc.pt
	* dec: processed/avocado.bert_tokenized.copy.embeddings.dec.pt
[2019-08-28 18:59:23,368 INFO] 
Done.
[2019-08-31 01:15:23,456 INFO] From: processed/avocado.bert_tokenized.separate.copy.vocab.pt
[2019-08-31 01:15:23,457 INFO] 	* source vocab: 3559 words
[2019-08-31 01:15:23,457 INFO] 	* target vocab: 1684 words
[2019-08-31 01:15:23,457 INFO] Reading encoder and decoder embeddings from glove_dir/glove.6B/glove.6B.100d.txt
[2019-08-31 01:15:25,967 INFO] 	Found 400000 total vectors in file
[2019-08-31 01:15:25,967 INFO] After filtering to vectors in vocab:
[2019-08-31 01:15:25,968 INFO] 	* enc: 2886 match, 673 missing, (81.09%)
[2019-08-31 01:15:25,969 INFO] 	* dec: 1392 match, 292 missing, (82.66%)
[2019-08-31 01:15:25,969 INFO] 
Saving embedding as:
	* enc: processed/avocado.bert_tokenized.separate.copy.embeddings.enc.pt
	* dec: processed/avocado.bert_tokenized.separate.copy.embeddings.dec.pt
[2019-08-31 01:15:26,024 INFO] 
Done.
[2019-08-31 01:16:15,872 INFO] From: processed/avocado.bert_tokenized.shared.copy.vocab.pt
[2019-08-31 01:16:15,873 INFO] 	* source vocab: 4032 words
[2019-08-31 01:16:15,873 INFO] 	* target vocab: 4032 words
[2019-08-31 01:16:15,873 INFO] Reading encoder and decoder embeddings from glove_dir/glove.6B/glove.6B.100d.txt
[2019-08-31 01:16:18,511 INFO] 	Found 400000 total vectors in file
[2019-08-31 01:16:18,511 INFO] After filtering to vectors in vocab:
[2019-08-31 01:16:18,512 INFO] 	* enc: 3238 match, 794 missing, (80.31%)
[2019-08-31 01:16:18,513 INFO] 	* dec: 3238 match, 794 missing, (80.31%)
[2019-08-31 01:16:18,513 INFO] 
Saving embedding as:
	* enc: processed/avocado.bert_tokenized.shared.copy.embeddings.enc.pt
	* dec: processed/avocado.bert_tokenized.shared.copy.embeddings.dec.pt
[2019-08-31 01:16:18,579 INFO] 
Done.
[2019-08-31 01:16:41,454 INFO] From: processed/avocado.spacy_tokenized.shared.copy.vocab.pt
[2019-08-31 01:16:41,454 INFO] 	* source vocab: 4817 words
[2019-08-31 01:16:41,454 INFO] 	* target vocab: 4817 words
[2019-08-31 01:16:41,454 INFO] Reading encoder and decoder embeddings from glove_dir/glove.6B/glove.6B.100d.txt
[2019-08-31 01:16:44,080 INFO] 	Found 400000 total vectors in file
[2019-08-31 01:16:44,081 INFO] After filtering to vectors in vocab:
[2019-08-31 01:16:44,082 INFO] 	* enc: 4268 match, 549 missing, (88.60%)
[2019-08-31 01:16:44,083 INFO] 	* dec: 4268 match, 549 missing, (88.60%)
[2019-08-31 01:16:44,083 INFO] 
Saving embedding as:
	* enc: processed/avocado.spacy_tokenized.shared.copy.embeddings.enc.pt
	* dec: processed/avocado.spacy_tokenized.shared.copy.embeddings.dec.pt
[2019-08-31 01:16:44,160 INFO] 
Done.
[2019-08-31 01:17:07,994 INFO] From: processed/avocado.spacy_tokenized.separate.copy.vocab.pt
[2019-08-31 01:17:07,994 INFO] 	* source vocab: 4138 words
[2019-08-31 01:17:07,994 INFO] 	* target vocab: 1785 words
[2019-08-31 01:17:07,995 INFO] Reading encoder and decoder embeddings from glove_dir/glove.6B/glove.6B.100d.txt
[2019-08-31 01:17:10,697 INFO] 	Found 400000 total vectors in file
[2019-08-31 01:17:10,697 INFO] After filtering to vectors in vocab:
[2019-08-31 01:17:10,698 INFO] 	* enc: 3704 match, 434 missing, (89.51%)
[2019-08-31 01:17:10,699 INFO] 	* dec: 1706 match, 79 missing, (95.57%)
[2019-08-31 01:17:10,699 INFO] 
Saving embedding as:
	* enc: processed/avocado.spacy_tokenized.separate.copy.embeddings.enc.pt
	* dec: processed/avocado.spacy_tokenized.separate.copy.embeddings.dec.pt
[2019-08-31 01:17:10,775 INFO] 
Done.
[2019-08-31 01:18:00,458 INFO] From: processed/avocado.spacy_tokenized.vanilla.vocab.pt
[2019-08-31 01:18:00,459 INFO] 	* source vocab: 7721 words
[2019-08-31 01:18:00,459 INFO] 	* target vocab: 7721 words
[2019-08-31 01:18:00,461 INFO] Reading encoder and decoder embeddings from glove_dir/glove.6B/glove.6B.100d.txt
[2019-08-31 01:18:03,153 INFO] 	Found 400000 total vectors in file
[2019-08-31 01:18:03,153 INFO] After filtering to vectors in vocab:
[2019-08-31 01:18:03,156 INFO] 	* enc: 6152 match, 1569 missing, (79.68%)
[2019-08-31 01:18:03,158 INFO] 	* dec: 6152 match, 1569 missing, (79.68%)
[2019-08-31 01:18:03,158 INFO] 
Saving embedding as:
	* enc: processed/avocado.spacy_tokenized.vanilla.embeddings.enc.pt
	* dec: processed/avocado.spacy_tokenized.vanilla.embeddings.dec.pt
[2019-08-31 01:18:03,282 INFO] 
Done.
[2019-08-31 01:18:46,916 INFO] From: processed/avocado.bert_tokenized.vanilla.vocab.pt
[2019-08-31 01:18:46,917 INFO] 	* source vocab: 5567 words
[2019-08-31 01:18:46,917 INFO] 	* target vocab: 5567 words
[2019-08-31 01:18:46,919 INFO] Reading encoder and decoder embeddings from glove_dir/glove.6B/glove.6B.100d.txt
[2019-08-31 01:18:49,438 INFO] 	Found 400000 total vectors in file
[2019-08-31 01:18:49,438 INFO] After filtering to vectors in vocab:
[2019-08-31 01:18:49,440 INFO] 	* enc: 4423 match, 1144 missing, (79.45%)
[2019-08-31 01:18:49,441 INFO] 	* dec: 4423 match, 1144 missing, (79.45%)
[2019-08-31 01:18:49,441 INFO] 
Saving embedding as:
	* enc: processed/avocado.bert_tokenized.vanilla.embeddings.enc.pt
	* dec: processed/avocado.bert_tokenized.vanilla.embeddings.dec.pt
[2019-08-31 01:18:49,536 INFO] 
Done.
[2019-08-31 01:49:48,443 INFO] From: processed/avocado.bert_tokenized.separate.copy.vocab.pt
[2019-08-31 01:49:48,444 INFO] 	* source vocab: 6078 words
[2019-08-31 01:49:48,444 INFO] 	* target vocab: 2695 words
[2019-08-31 01:49:48,445 INFO] Reading encoder and decoder embeddings from glove_dir/glove.6B/glove.6B.100d.txt
[2019-08-31 01:49:51,002 INFO] 	Found 400000 total vectors in file
[2019-08-31 01:49:51,002 INFO] After filtering to vectors in vocab:
[2019-08-31 01:49:51,004 INFO] 	* enc: 4796 match, 1282 missing, (78.91%)
[2019-08-31 01:49:51,005 INFO] 	* dec: 2196 match, 499 missing, (81.48%)
[2019-08-31 01:49:51,005 INFO] 
Saving embedding as:
	* enc: processed/avocado.bert_tokenized.separate.copy.embeddings.enc.pt
	* dec: processed/avocado.bert_tokenized.separate.copy.embeddings.dec.pt
[2019-08-31 01:49:51,111 INFO] 
Done.
[2019-08-31 01:50:08,351 INFO] From: processed/avocado.bert_tokenized.shared.copy.vocab.pt
[2019-08-31 01:50:08,351 INFO] 	* source vocab: 6506 words
[2019-08-31 01:50:08,351 INFO] 	* target vocab: 6506 words
[2019-08-31 01:50:08,353 INFO] Reading encoder and decoder embeddings from glove_dir/glove.6B/glove.6B.100d.txt
[2019-08-31 01:50:10,890 INFO] 	Found 400000 total vectors in file
[2019-08-31 01:50:10,890 INFO] After filtering to vectors in vocab:
[2019-08-31 01:50:10,892 INFO] 	* enc: 5125 match, 1381 missing, (78.77%)
[2019-08-31 01:50:10,893 INFO] 	* dec: 5125 match, 1381 missing, (78.77%)
[2019-08-31 01:50:10,893 INFO] 
Saving embedding as:
	* enc: processed/avocado.bert_tokenized.shared.copy.embeddings.enc.pt
	* dec: processed/avocado.bert_tokenized.shared.copy.embeddings.dec.pt
[2019-08-31 01:50:10,992 INFO] 
Done.
[2019-08-31 01:50:32,639 INFO] From: processed/avocado.bert_tokenized.vanilla.vocab.pt
[2019-08-31 01:50:32,639 INFO] 	* source vocab: 8227 words
[2019-08-31 01:50:32,639 INFO] 	* target vocab: 4494 words
[2019-08-31 01:50:32,641 INFO] Reading encoder and decoder embeddings from glove_dir/glove.6B/glove.6B.100d.txt
[2019-08-31 01:50:36,282 INFO] 	Found 400000 total vectors in file
[2019-08-31 01:50:36,282 INFO] After filtering to vectors in vocab:
[2019-08-31 01:50:36,285 INFO] 	* enc: 6453 match, 1774 missing, (78.44%)
[2019-08-31 01:50:36,286 INFO] 	* dec: 3582 match, 912 missing, (79.71%)
[2019-08-31 01:50:36,286 INFO] 
Saving embedding as:
	* enc: processed/avocado.bert_tokenized.vanilla.embeddings.enc.pt
	* dec: processed/avocado.bert_tokenized.vanilla.embeddings.dec.pt
[2019-08-31 01:50:36,417 INFO] 
Done.
[2019-08-31 01:51:03,492 INFO] From: processed/avocado.spacy_tokenized.vanilla.vocab.pt
[2019-08-31 01:51:03,492 INFO] 	* source vocab: 10691 words
[2019-08-31 01:51:03,493 INFO] 	* target vocab: 4723 words
[2019-08-31 01:51:03,494 INFO] Reading encoder and decoder embeddings from glove_dir/glove.6B/glove.6B.100d.txt
[2019-08-31 01:51:06,209 INFO] 	Found 400000 total vectors in file
[2019-08-31 01:51:06,210 INFO] After filtering to vectors in vocab:
[2019-08-31 01:51:06,213 INFO] 	* enc: 7986 match, 2705 missing, (74.70%)
[2019-08-31 01:51:06,214 INFO] 	* dec: 4101 match, 622 missing, (86.83%)
[2019-08-31 01:51:06,214 INFO] 
Saving embedding as:
	* enc: processed/avocado.spacy_tokenized.vanilla.embeddings.enc.pt
	* dec: processed/avocado.spacy_tokenized.vanilla.embeddings.dec.pt
[2019-08-31 01:51:06,374 INFO] 
Done.
[2019-08-31 01:51:26,723 INFO] From: processed/avocado.spacy_tokenized.shared.copy.vocab.pt
[2019-08-31 01:51:26,723 INFO] 	* source vocab: 6979 words
[2019-08-31 01:51:26,724 INFO] 	* target vocab: 6979 words
[2019-08-31 01:51:26,725 INFO] Reading encoder and decoder embeddings from glove_dir/glove.6B/glove.6B.100d.txt
[2019-08-31 01:51:29,424 INFO] 	Found 400000 total vectors in file
[2019-08-31 01:51:29,424 INFO] After filtering to vectors in vocab:
[2019-08-31 01:51:29,427 INFO] 	* enc: 5878 match, 1101 missing, (84.22%)
[2019-08-31 01:51:29,429 INFO] 	* dec: 5878 match, 1101 missing, (84.22%)
[2019-08-31 01:51:29,429 INFO] 
Saving embedding as:
	* enc: processed/avocado.spacy_tokenized.shared.copy.embeddings.enc.pt
	* dec: processed/avocado.spacy_tokenized.shared.copy.embeddings.dec.pt
[2019-08-31 01:51:29,543 INFO] 
Done.
[2019-08-31 01:52:12,428 INFO] From: processed/avocado.spacy_tokenized.separate.copy.vocab.pt
[2019-08-31 01:52:12,428 INFO] 	* source vocab: 6286 words
[2019-08-31 01:52:12,428 INFO] 	* target vocab: 2363 words
[2019-08-31 01:52:12,429 INFO] Reading encoder and decoder embeddings from glove_dir/glove.6B/glove.6B.100d.txt
[2019-08-31 01:52:15,059 INFO] 	Found 400000 total vectors in file
[2019-08-31 01:52:15,059 INFO] After filtering to vectors in vocab:
[2019-08-31 01:52:15,060 INFO] 	* enc: 5332 match, 954 missing, (84.82%)
[2019-08-31 01:52:15,061 INFO] 	* dec: 2245 match, 118 missing, (95.01%)
[2019-08-31 01:52:15,061 INFO] 
Saving embedding as:
	* enc: processed/avocado.spacy_tokenized.separate.copy.embeddings.enc.pt
	* dec: processed/avocado.spacy_tokenized.separate.copy.embeddings.dec.pt
[2019-08-31 01:52:15,164 INFO] 
Done.
[2019-08-31 01:54:18,964 INFO] From: processed/avocado.spacy_tokenized.vanilla.vocab.pt
[2019-08-31 01:54:18,964 INFO] 	* source vocab: 11301 words
[2019-08-31 01:54:18,964 INFO] 	* target vocab: 11301 words
[2019-08-31 01:54:18,967 INFO] Reading encoder and decoder embeddings from glove_dir/glove.6B/glove.6B.100d.txt
[2019-08-31 01:54:21,688 INFO] 	Found 400000 total vectors in file
[2019-08-31 01:54:21,688 INFO] After filtering to vectors in vocab:
[2019-08-31 01:54:21,691 INFO] 	* enc: 8280 match, 3021 missing, (73.27%)
[2019-08-31 01:54:21,694 INFO] 	* dec: 8280 match, 3021 missing, (73.27%)
[2019-08-31 01:54:21,694 INFO] 
Saving embedding as:
	* enc: processed/avocado.spacy_tokenized.vanilla.embeddings.enc.pt
	* dec: processed/avocado.spacy_tokenized.vanilla.embeddings.dec.pt
[2019-08-31 01:54:21,854 INFO] 
Done.
[2019-08-31 01:54:31,227 INFO] From: processed/avocado.bert_tokenized.vanilla.vocab.pt
[2019-08-31 01:54:31,227 INFO] 	* source vocab: 8465 words
[2019-08-31 01:54:31,227 INFO] 	* target vocab: 8465 words
[2019-08-31 01:54:31,229 INFO] Reading encoder and decoder embeddings from glove_dir/glove.6B/glove.6B.100d.txt
[2019-08-31 01:54:33,827 INFO] 	Found 400000 total vectors in file
[2019-08-31 01:54:33,828 INFO] After filtering to vectors in vocab:
[2019-08-31 01:54:33,830 INFO] 	* enc: 6598 match, 1867 missing, (77.94%)
[2019-08-31 01:54:33,832 INFO] 	* dec: 6598 match, 1867 missing, (77.94%)
[2019-08-31 01:54:33,832 INFO] 
Saving embedding as:
	* enc: processed/avocado.bert_tokenized.vanilla.embeddings.enc.pt
	* dec: processed/avocado.bert_tokenized.vanilla.embeddings.dec.pt
[2019-08-31 01:54:33,960 INFO] 
Done.
[2019-08-31 07:38:56,178 INFO] From: processed/avocado.bert_tokenized.tgt500.copy.vocab.pt
[2019-08-31 07:38:56,178 INFO] 	* source vocab: 5002 words
[2019-08-31 07:38:56,178 INFO] 	* target vocab: 504 words
[2019-08-31 07:38:56,179 INFO] Reading encoder and decoder embeddings from glove_dir/glove.840B/glove.840B.300d.txt
[2019-08-31 07:39:42,340 INFO] From: processed/avocado.bert_tokenized.tgt500.copy.vocab.pt
[2019-08-31 07:39:42,340 INFO] 	* source vocab: 5002 words
[2019-08-31 07:39:42,340 INFO] 	* target vocab: 504 words
[2019-08-31 07:39:42,341 INFO] Reading encoder and decoder embeddings from glove_dir/glove.840B.300d/glove.840B.300d.txt
[2019-08-31 07:40:19,702 INFO] 	Found 2196017 total vectors in file
[2019-08-31 07:40:19,703 INFO] After filtering to vectors in vocab:
[2019-08-31 07:40:19,704 INFO] 	* enc: 3872 match, 1130 missing, (77.41%)
[2019-08-31 07:40:19,704 INFO] 	* dec: 436 match, 68 missing, (86.51%)
[2019-08-31 07:40:19,704 INFO] 
Saving embedding as:
	* enc: processed/avocado.bert_tokenized.tgt500.copy.embeddings.enc.pt
	* dec: processed/avocado.bert_tokenized.tgt500.copy.embeddings.dec.pt
[2019-08-31 07:40:19,809 INFO] 
Done.
[2019-09-10 03:52:53,168 INFO] From: processed_final/avocado.bert_tokenized.shared.copy.vocab.pt
[2019-09-10 03:52:53,169 INFO] 	* source vocab: 7721 words
[2019-09-10 03:52:53,169 INFO] 	* target vocab: 7721 words
[2019-09-10 03:52:53,169 INFO] Reading encoder embeddings from ./glove_dir/glove.6B/glove.6B.100d.txt
[2019-09-10 03:52:55,757 INFO] 	Found 400000 total vectors in file.
[2019-09-10 03:52:55,757 INFO] Reading decoder embeddings from ./glove_dir/glove.6B/glove.6B.100d.txt
[2019-09-10 03:52:58,359 INFO] 	Found 400000 total vectors in file
[2019-09-10 03:52:58,359 INFO] After filtering to vectors in vocab:
[2019-09-10 03:52:58,362 INFO] 	* enc: 6015 match, 1706 missing, (77.90%)
[2019-09-10 03:52:58,364 INFO] 	* dec: 6015 match, 1706 missing, (77.90%)
[2019-09-10 03:52:58,364 INFO] 
Saving embedding as:
	* enc: processed/avocado.bert_tokenized.shared.copy.embeddings.d100.enc.pt
	* dec: processed/avocado.bert_tokenized.shared.copy.embeddings.d100.dec.pt
[2019-09-10 03:53:18,592 INFO] From: processed_final/avocado.bert_tokenized.shared.copy.vocab.pt
[2019-09-10 03:53:18,593 INFO] 	* source vocab: 7721 words
[2019-09-10 03:53:18,593 INFO] 	* target vocab: 7721 words
[2019-09-10 03:53:18,593 INFO] Reading encoder embeddings from ./glove_dir/glove.6B/glove.6B.100d.txt
[2019-09-10 03:53:21,159 INFO] 	Found 400000 total vectors in file.
[2019-09-10 03:53:21,159 INFO] Reading decoder embeddings from ./glove_dir/glove.6B/glove.6B.100d.txt
[2019-09-10 03:53:23,741 INFO] 	Found 400000 total vectors in file
[2019-09-10 03:53:23,741 INFO] After filtering to vectors in vocab:
[2019-09-10 03:53:23,750 INFO] 	* enc: 6015 match, 1706 missing, (77.90%)
[2019-09-10 03:53:23,752 INFO] 	* dec: 6015 match, 1706 missing, (77.90%)
[2019-09-10 03:53:23,752 INFO] 
Saving embedding as:
	* enc: processed_final/avocado.bert_tokenized.shared.copy.embeddings.d100.enc.pt
	* dec: processed_final/avocado.bert_tokenized.shared.copy.embeddings.d100.dec.pt
[2019-09-10 03:53:23,872 INFO] 
Done.
[2019-09-10 03:54:16,635 INFO] From: processed_final/avocado.bert_tokenized.separate.copy.vocab.pt
[2019-09-10 03:54:16,635 INFO] 	* source vocab: 7261 words
[2019-09-10 03:54:16,635 INFO] 	* target vocab: 3383 words
[2019-09-10 03:54:16,635 INFO] Reading encoder embeddings from ./glove_dir/glove.6B/glove.6B.100d.txt
[2019-09-10 03:54:19,263 INFO] 	Found 400000 total vectors in file.
[2019-09-10 03:54:19,263 INFO] Reading decoder embeddings from ./glove_dir/glove.6B/glove.6B.100d.txt
[2019-09-10 03:54:21,742 INFO] 	Found 400000 total vectors in file
[2019-09-10 03:54:21,742 INFO] After filtering to vectors in vocab:
[2019-09-10 03:54:21,745 INFO] 	* enc: 5666 match, 1595 missing, (78.03%)
[2019-09-10 03:54:21,746 INFO] 	* dec: 2664 match, 719 missing, (78.75%)
[2019-09-10 03:54:21,746 INFO] 
Saving embedding as:
	* enc: processed_final/avocado.bert_tokenized.separate.copy.embeddings.d100.enc.pt
	* dec: processed_final/avocado.bert_tokenized.separate.copy.embeddings.d100.dec.pt
[2019-09-10 03:54:21,829 INFO] 
Done.
[2019-09-10 03:55:56,261 INFO] From: processed_final/avocado.bert_tokenized.shared.copy.vocab.pt
[2019-09-10 03:55:56,261 INFO] 	* source vocab: 7721 words
[2019-09-10 03:55:56,261 INFO] 	* target vocab: 7721 words
[2019-09-10 03:55:56,261 INFO] Reading encoder embeddings from ./glove_dir/glove.840B/glove.840B.300d.txt
[2019-09-10 03:56:33,701 INFO] 	Found 2196017 total vectors in file.
[2019-09-10 03:56:33,701 INFO] Reading decoder embeddings from ./glove_dir/glove.840B/glove.840B.300d.txt
[2019-09-10 03:57:19,385 INFO] 	Found 2196017 total vectors in file
[2019-09-10 03:57:19,386 INFO] After filtering to vectors in vocab:
[2019-09-10 03:57:19,388 INFO] 	* enc: 6018 match, 1703 missing, (77.94%)
[2019-09-10 03:57:19,390 INFO] 	* dec: 6018 match, 1703 missing, (77.94%)
[2019-09-10 03:57:19,391 INFO] 
Saving embedding as:
	* enc: processed_final/avocado.bert_tokenized.shared.copy.embeddings.d300.enc.pt
	* dec: processed_final/avocado.bert_tokenized.shared.copy.embeddings.d300.dec.pt
[2019-09-10 03:57:19,553 INFO] 
Done.
[2019-09-10 03:57:55,853 INFO] From: processed_final/avocado.bert_tokenized.separate.copy.vocab.pt
[2019-09-10 03:57:55,854 INFO] 	* source vocab: 7261 words
[2019-09-10 03:57:55,854 INFO] 	* target vocab: 3383 words
[2019-09-10 03:57:55,854 INFO] Reading encoder embeddings from ./glove_dir/glove.840B/glove.840B.300d.txt
[2019-09-10 03:58:32,709 INFO] 	Found 2196017 total vectors in file.
[2019-09-10 03:58:32,709 INFO] Reading decoder embeddings from ./glove_dir/glove.840B/glove.840B.300d.txt
[2019-09-10 03:59:09,089 INFO] 	Found 2196017 total vectors in file
[2019-09-10 03:59:09,089 INFO] After filtering to vectors in vocab:
[2019-09-10 03:59:09,092 INFO] 	* enc: 5667 match, 1594 missing, (78.05%)
[2019-09-10 03:59:09,093 INFO] 	* dec: 2664 match, 719 missing, (78.75%)
[2019-09-10 03:59:09,093 INFO] 
Saving embedding as:
	* enc: processed_final/avocado.bert_tokenized.separate.copy.embeddings.d300.enc.pt
	* dec: processed_final/avocado.bert_tokenized.separate.copy.embeddings.d300.dec.pt
[2019-09-10 03:59:09,209 INFO] 
Done.
[2019-09-10 03:59:20,364 INFO] From: processed_final/avocado.spacy_tokenized.shared.copy.vocab.pt
[2019-09-10 03:59:20,364 INFO] 	* source vocab: 8748 words
[2019-09-10 03:59:20,364 INFO] 	* target vocab: 8748 words
[2019-09-10 03:59:20,364 INFO] Reading encoder embeddings from ./glove_dir/glove.6B/glove.6B.100d.txt
[2019-09-10 03:59:22,995 INFO] 	Found 400000 total vectors in file.
[2019-09-10 03:59:22,996 INFO] Reading decoder embeddings from ./glove_dir/glove.6B/glove.6B.100d.txt
[2019-09-10 03:59:25,659 INFO] 	Found 400000 total vectors in file
[2019-09-10 03:59:25,659 INFO] After filtering to vectors in vocab:
[2019-09-10 03:59:25,662 INFO] 	* enc: 7183 match, 1565 missing, (82.11%)
[2019-09-10 03:59:25,664 INFO] 	* dec: 7183 match, 1565 missing, (82.11%)
[2019-09-10 03:59:25,664 INFO] 
Saving embedding as:
	* enc: processed_final/avocado.spacy_tokenized.shared.copy.embeddings.d100.enc.pt
	* dec: processed_final/avocado.spacy_tokenized.shared.copy.embeddings.d100.dec.pt
[2019-09-10 03:59:25,806 INFO] 
Done.
[2019-09-10 03:59:53,637 INFO] From: processed_final/avocado.spacy_tokenized.separate.copy.vocab.pt
[2019-09-10 03:59:53,637 INFO] 	* source vocab: 7892 words
[2019-09-10 03:59:53,637 INFO] 	* target vocab: 3043 words
[2019-09-10 03:59:53,637 INFO] Reading encoder embeddings from ./glove_dir/glove.6B/glove.6B.100d.txt
[2019-09-10 03:59:56,381 INFO] 	Found 400000 total vectors in file.
[2019-09-10 03:59:56,381 INFO] Reading decoder embeddings from ./glove_dir/glove.6B/glove.6B.100d.txt
[2019-09-10 03:59:58,943 INFO] 	Found 400000 total vectors in file
[2019-09-10 03:59:58,943 INFO] After filtering to vectors in vocab:
[2019-09-10 03:59:58,946 INFO] 	* enc: 6545 match, 1347 missing, (82.93%)
[2019-09-10 03:59:58,947 INFO] 	* dec: 2801 match, 242 missing, (92.05%)
[2019-09-10 03:59:58,947 INFO] 
Saving embedding as:
	* enc: processed_final/avocado.spacy_tokenized.separate.copy.embeddings.d100.enc.pt
	* dec: processed_final/avocado.spacy_tokenized.separate.copy.embeddings.d100.dec.pt
[2019-09-10 03:59:59,043 INFO] 
Done.
[2019-09-10 04:00:35,070 INFO] From: processed_final/avocado.spacy_tokenized.shared.copy.vocab.pt
[2019-09-10 04:00:35,070 INFO] 	* source vocab: 8748 words
[2019-09-10 04:00:35,070 INFO] 	* target vocab: 8748 words
[2019-09-10 04:00:35,070 INFO] Reading encoder embeddings from ./glove_dir/glove.840B/glove.840B.300d.txt
[2019-09-10 04:01:12,054 INFO] 	Found 2196017 total vectors in file.
[2019-09-10 04:01:12,054 INFO] Reading decoder embeddings from ./glove_dir/glove.840B/glove.840B.300d.txt
[2019-09-10 04:01:49,612 INFO] 	Found 2196017 total vectors in file
[2019-09-10 04:01:49,612 INFO] After filtering to vectors in vocab:
[2019-09-10 04:01:49,615 INFO] 	* enc: 7295 match, 1453 missing, (83.39%)
[2019-09-10 04:01:49,617 INFO] 	* dec: 7295 match, 1453 missing, (83.39%)
[2019-09-10 04:01:49,617 INFO] 
Saving embedding as:
	* enc: processed_final/avocado.spacy_tokenized.shared.copy.embeddings.d300.enc.pt
	* dec: processed_final/avocado.spacy_tokenized.shared.copy.embeddings.d300.dec.pt
[2019-09-10 04:01:49,814 INFO] 
Done.
[2019-09-10 04:02:01,017 INFO] From: processed_final/avocado.spacy_tokenized.separate.copy.vocab.pt
[2019-09-10 04:02:01,017 INFO] 	* source vocab: 7892 words
[2019-09-10 04:02:01,017 INFO] 	* target vocab: 3043 words
[2019-09-10 04:02:01,018 INFO] Reading encoder embeddings from ./glove_dir/glove.840B/glove.840B.300d.txt
[2019-09-10 04:02:38,342 INFO] 	Found 2196017 total vectors in file.
[2019-09-10 04:02:38,342 INFO] Reading decoder embeddings from ./glove_dir/glove.840B/glove.840B.300d.txt
[2019-09-10 04:03:15,446 INFO] 	Found 2196017 total vectors in file
[2019-09-10 04:03:15,446 INFO] After filtering to vectors in vocab:
[2019-09-10 04:03:15,449 INFO] 	* enc: 6606 match, 1286 missing, (83.71%)
[2019-09-10 04:03:15,450 INFO] 	* dec: 2805 match, 238 missing, (92.18%)
[2019-09-10 04:03:15,450 INFO] 
Saving embedding as:
	* enc: processed_final/avocado.spacy_tokenized.separate.copy.embeddings.d300.enc.pt
	* dec: processed_final/avocado.spacy_tokenized.separate.copy.embeddings.d300.dec.pt
[2019-09-10 04:03:15,588 INFO] 
Done.
[2019-09-10 04:04:07,323 INFO] From: processed_final/avocado.bert_tokenized.vanilla.vocab.pt
[2019-09-10 04:04:07,323 INFO] 	* source vocab: 7721 words
[2019-09-10 04:04:07,323 INFO] 	* target vocab: 7721 words
[2019-09-10 04:04:07,323 INFO] Reading encoder embeddings from ./glove_dir/glove.6B/glove.6B.100d.txt
[2019-09-10 04:04:09,900 INFO] 	Found 400000 total vectors in file.
[2019-09-10 04:04:09,900 INFO] Reading decoder embeddings from ./glove_dir/glove.6B/glove.6B.100d.txt
[2019-09-10 04:04:12,480 INFO] 	Found 400000 total vectors in file
[2019-09-10 04:04:12,480 INFO] After filtering to vectors in vocab:
[2019-09-10 04:04:12,483 INFO] 	* enc: 6015 match, 1706 missing, (77.90%)
[2019-09-10 04:04:12,485 INFO] 	* dec: 6015 match, 1706 missing, (77.90%)
[2019-09-10 04:04:12,485 INFO] 
Saving embedding as:
	* enc: processed_final/avocado.bert_tokenized.vanilla.embeddings.d100.enc.pt
	* dec: processed_final/avocado.bert_tokenized.vanilla.embeddings.d100.dec.pt
[2019-09-10 04:04:12,600 INFO] 
Done.
[2019-09-10 04:04:46,315 INFO] From: processed_final/avocado.spacy_tokenized.vanilla.vocab.pt
[2019-09-10 04:04:46,315 INFO] 	* source vocab: 8748 words
[2019-09-10 04:04:46,315 INFO] 	* target vocab: 8748 words
[2019-09-10 04:04:46,315 INFO] Reading encoder embeddings from ./glove_dir/glove.6B/glove.6B.100d.txt
[2019-09-10 04:04:48,967 INFO] 	Found 400000 total vectors in file.
[2019-09-10 04:04:48,967 INFO] Reading decoder embeddings from ./glove_dir/glove.6B/glove.6B.100d.txt
[2019-09-10 04:04:51,614 INFO] 	Found 400000 total vectors in file
[2019-09-10 04:04:51,614 INFO] After filtering to vectors in vocab:
[2019-09-10 04:04:51,617 INFO] 	* enc: 7183 match, 1565 missing, (82.11%)
[2019-09-10 04:04:51,620 INFO] 	* dec: 7183 match, 1565 missing, (82.11%)
[2019-09-10 04:04:51,620 INFO] 
Saving embedding as:
	* enc: processed_final/avocado.spacy_tokenized.vanilla.embeddings.d100.enc.pt
	* dec: processed_final/avocado.spacy_tokenized.vanilla.embeddings.d100.dec.pt
[2019-09-10 04:04:51,763 INFO] 
Done.
[2019-09-10 04:05:26,919 INFO] From: processed_final/avocado.spacy_tokenized.vanilla.vocab.pt
[2019-09-10 04:05:26,919 INFO] 	* source vocab: 8748 words
[2019-09-10 04:05:26,919 INFO] 	* target vocab: 8748 words
[2019-09-10 04:05:26,919 INFO] Reading encoder embeddings from ./glove_dir/glove.840B/glove.840B.300d.txt
[2019-09-10 04:06:03,815 INFO] 	Found 2196017 total vectors in file.
[2019-09-10 04:06:03,815 INFO] Reading decoder embeddings from ./glove_dir/glove.840B/glove.840B.300d.txt
[2019-09-10 04:06:41,344 INFO] 	Found 2196017 total vectors in file
[2019-09-10 04:06:41,344 INFO] After filtering to vectors in vocab:
[2019-09-10 04:06:41,347 INFO] 	* enc: 7295 match, 1453 missing, (83.39%)
[2019-09-10 04:06:41,349 INFO] 	* dec: 7295 match, 1453 missing, (83.39%)
[2019-09-10 04:06:41,349 INFO] 
Saving embedding as:
	* enc: processed_final/avocado.spacy_tokenized.vanilla.embeddings.d300.enc.pt
	* dec: processed_final/avocado.spacy_tokenized.vanilla.embeddings.d300.dec.pt
[2019-09-10 04:06:41,541 INFO] 
Done.
[2019-09-10 04:06:58,918 INFO] From: processed_final/avocado.bert_tokenized.vanilla.vocab.pt
[2019-09-10 04:06:58,919 INFO] 	* source vocab: 7721 words
[2019-09-10 04:06:58,919 INFO] 	* target vocab: 7721 words
[2019-09-10 04:06:58,919 INFO] Reading encoder embeddings from ./glove_dir/glove.840B/glove.840B.300d.txt
[2019-09-10 04:07:35,596 INFO] 	Found 2196017 total vectors in file.
[2019-09-10 04:07:35,596 INFO] Reading decoder embeddings from ./glove_dir/glove.840B/glove.840B.300d.txt
[2019-09-10 04:08:25,408 INFO] 	Found 2196017 total vectors in file
[2019-09-10 04:08:25,408 INFO] After filtering to vectors in vocab:
[2019-09-10 04:08:25,411 INFO] 	* enc: 6018 match, 1703 missing, (77.94%)
[2019-09-10 04:08:25,413 INFO] 	* dec: 6018 match, 1703 missing, (77.94%)
[2019-09-10 04:08:25,413 INFO] 
Saving embedding as:
	* enc: processed_final/avocado.bert_tokenized.vanilla.embeddings.d300.enc.pt
	* dec: processed_final/avocado.bert_tokenized.vanilla.embeddings.d300.dec.pt
[2019-09-10 04:08:25,579 INFO] 
Done.
[2019-11-27 14:31:24,532 INFO] From: processed_final/avocado.spacy_tokenized.separate.copy.vocab.pt
[2019-11-27 14:31:24,552 INFO] 	* source vocab: 7892 words
[2019-11-27 14:31:24,552 INFO] 	* target vocab: 3043 words
[2019-11-27 14:31:24,552 INFO] Reading encoder embeddings from ./glove_dir/glove.6B/glove.6B.100d.txt
[2019-11-27 14:31:28,708 INFO] 	Found 400000 total vectors in file.
[2019-11-27 14:31:28,708 INFO] Reading decoder embeddings from ./glove_dir/glove.6B/glove.6B.100d.txt
[2019-11-27 14:31:32,962 INFO] 	Found 400000 total vectors in file
[2019-11-27 14:31:32,963 INFO] After filtering to vectors in vocab:
[2019-11-27 14:31:32,968 INFO] 	* enc: 6545 match, 1347 missing, (82.93%)
[2019-11-27 14:31:32,969 INFO] 	* dec: 2801 match, 242 missing, (92.05%)
[2019-11-27 14:31:32,969 INFO] 
Saving embedding as:
	* enc: processed_final/avocado.spacy_tokenized.separate.copy.embeddings.d100.enc.pt
	* dec: processed_final/avocado.spacy_tokenized.separate.copy.embeddings.d100.dec.pt
[2019-11-27 14:31:33,207 INFO] 
Done.
[2019-11-27 14:32:04,161 INFO] From: processed_final/avocado.spacy_tokenized.shared.copy.vocab.pt
[2019-11-27 14:32:04,161 INFO] 	* source vocab: 8748 words
[2019-11-27 14:32:04,162 INFO] 	* target vocab: 8748 words
[2019-11-27 14:32:04,162 INFO] Reading encoder embeddings from ./glove_dir/glove.6B/glove.6B.100d.txt
[2019-11-27 14:32:08,383 INFO] 	Found 400000 total vectors in file.
[2019-11-27 14:32:08,384 INFO] Reading decoder embeddings from ./glove_dir/glove.6B/glove.6B.100d.txt
[2019-11-27 14:32:12,532 INFO] 	Found 400000 total vectors in file
[2019-11-27 14:32:12,532 INFO] After filtering to vectors in vocab:
[2019-11-27 14:32:12,536 INFO] 	* enc: 7183 match, 1565 missing, (82.11%)
[2019-11-27 14:32:12,540 INFO] 	* dec: 7183 match, 1565 missing, (82.11%)
[2019-11-27 14:32:12,540 INFO] 
Saving embedding as:
	* enc: processed_final/avocado.spacy_tokenized.shared.copy.embeddings.d100.enc.pt
	* dec: processed_final/avocado.spacy_tokenized.shared.copy.embeddings.d100.dec.pt
[2019-11-27 14:32:12,841 INFO] 
Done.
